Using pre-set license
Built from '2021.1/release' branch; Version is '2021.1.10f1 (b15f561b2cef) revision 11624278'; Using compiler version '192528614'; Build Type 'Release'
OS: 'Windows 10 Home; OS build 19041.1052; Version 2004; 64bit' Language: 'en' Physical Memory: 16306 MB
BatchMode: 1, IsHumanControllingUs: 0, StartBugReporterOnCrash: 0, Is64bit: 1, IsPro: 0

 COMMAND LINE ARGUMENTS:
D:\Program Files\Unity\2021.1.10f1\Editor\Unity.exe
-adb2
-batchMode
-noUpm
-name
AssetImportWorker0
-projectPath
D:/Auticus/Dev/ShadersTutorial
-logFile
Logs/AssetImportWorker0.log
-srvPort
59692
Successfully changed project path to: D:/Auticus/Dev/ShadersTutorial
D:/Auticus/Dev/ShadersTutorial
Using Asset Import Pipeline V2.
Refreshing native plugins compatible for Editor in 59.67 ms, found 3 plugins.
Preloading 0 native plugins for Editor in 0.00 ms.
Initialize engine version: 2021.1.10f1 (b15f561b2cef)
[Subsystems] Discovering subsystems at path D:/Program Files/Unity/2021.1.10f1/Editor/Data/Resources/UnitySubsystems
[Subsystems] Discovering subsystems at path D:/Auticus/Dev/ShadersTutorial/Assets
GfxDevice: creating device client; threaded=0; jobified=0
Direct3D:
    Version:  Direct3D 11.0 [level 11.1]
    Renderer: NVIDIA GeForce RTX 2060 (ID=0x1e89)
    Vendor:   NVIDIA
    VRAM:     5968 MB
    Driver:   27.21.14.6677
Initialize mono
Mono path[0] = 'D:/Program Files/Unity/2021.1.10f1/Editor/Data/Managed'
Mono path[1] = 'D:/Program Files/Unity/2021.1.10f1/Editor/Data/MonoBleedingEdge/lib/mono/unityjit'
Mono config path = 'D:/Program Files/Unity/2021.1.10f1/Editor/Data/MonoBleedingEdge/etc'
Using monoOptions --debugger-agent=transport=dt_socket,embedding=1,server=y,suspend=n,address=127.0.0.1:56784
Begin MonoManager ReloadAssembly
Registering precompiled unity dll's ...
Register platform support module: D:/Program Files/Unity/2021.1.10f1/Editor/Data/PlaybackEngines/WindowsStandaloneSupport/UnityEditor.WindowsStandalone.Extensions.dll
Registered in 0.001205 seconds.
Native extension for WindowsStandalone target not found
Refreshing native plugins compatible for Editor in 56.49 ms, found 3 plugins.
Preloading 0 native plugins for Editor in 0.00 ms.
Mono: successfully reloaded assembly
- Completed reload, in  1.131 seconds
Domain Reload Profiling:
	ReloadAssembly (1132ms)
		BeginReloadAssembly (61ms)
			ExecutionOrderSort (0ms)
			DisableScriptedObjects (0ms)
			BackupInstance (0ms)
			ReleaseScriptingObjects (0ms)
			CreateAndSetChildDomain (1ms)
		EndReloadAssembly (355ms)
			LoadAssemblies (60ms)
			RebuildTransferFunctionScriptingTraits (0ms)
			SetupTypeCache (134ms)
			ReleaseScriptCaches (0ms)
			RebuildScriptCaches (24ms)
			SetupLoadedEditorAssemblies (164ms)
				LogAssemblyErrors (0ms)
				InitializePlatformSupportModulesInManaged (5ms)
				SetLoadedEditorAssemblies (0ms)
				RefreshPlugins (57ms)
				BeforeProcessingInitializeOnLoad (1ms)
				ProcessInitializeOnLoadAttributes (77ms)
				ProcessInitializeOnLoadMethodAttributes (24ms)
				AfterProcessingInitializeOnLoad (0ms)
				EditorAssembliesLoaded (0ms)
			ExecutionOrderSort2 (0ms)
			AwakeInstancesAfterBackupRestoration (0ms)
Platform modules already initialized, skipping
Registering precompiled user dll's ...
Registered in 0.004910 seconds.
Begin MonoManager ReloadAssembly
Symbol file LoadedFromMemory doesn't match image D:\Auticus\Dev\ShadersTutorial\Library\PackageCache\com.unity.visualscripting@1.6.1\Editor\VisualScripting.Core\Dependencies\YamlDotNet\Unity.VisualScripting.YamlDotNet.dll
Symbol file LoadedFromMemory doesn't match image D:\Auticus\Dev\ShadersTutorial\Library\PackageCache\com.unity.visualscripting@1.6.1\Editor\VisualScripting.Core\Dependencies\DotNetZip\Unity.VisualScripting.IonicZip.dll
Native extension for WindowsStandalone target not found
Refreshing native plugins compatible for Editor in 0.43 ms, found 3 plugins.
Preloading 0 native plugins for Editor in 0.00 ms.
Mono: successfully reloaded assembly
- Completed reload, in  0.855 seconds
Domain Reload Profiling:
	ReloadAssembly (855ms)
		BeginReloadAssembly (133ms)
			ExecutionOrderSort (0ms)
			DisableScriptedObjects (4ms)
			BackupInstance (0ms)
			ReleaseScriptingObjects (0ms)
			CreateAndSetChildDomain (14ms)
		EndReloadAssembly (680ms)
			LoadAssemblies (92ms)
			RebuildTransferFunctionScriptingTraits (0ms)
			SetupTypeCache (264ms)
			ReleaseScriptCaches (0ms)
			RebuildScriptCaches (36ms)
			SetupLoadedEditorAssemblies (237ms)
				LogAssemblyErrors (0ms)
				InitializePlatformSupportModulesInManaged (4ms)
				SetLoadedEditorAssemblies (0ms)
				RefreshPlugins (1ms)
				BeforeProcessingInitializeOnLoad (45ms)
				ProcessInitializeOnLoadAttributes (181ms)
				ProcessInitializeOnLoadMethodAttributes (4ms)
				AfterProcessingInitializeOnLoad (2ms)
				EditorAssembliesLoaded (0ms)
			ExecutionOrderSort2 (0ms)
			AwakeInstancesAfterBackupRestoration (5ms)
Platform modules already initialized, skipping
========================================================================
Worker process is ready to serve import requests
Launched and connected shader compiler UnityShaderCompiler.exe after 0.04 seconds
Refreshing native plugins compatible for Editor in 0.52 ms, found 3 plugins.
Preloading 0 native plugins for Editor in 0.00 ms.
Unloading 2941 Unused Serialized files (Serialized files now loaded: 0)
System memory in use before: 108.4 MB.
System memory in use after: 108.5 MB.

Unloading 23 unused Assets to reduce memory usage. Loaded Objects now: 3387.
Total: 1.758300 ms (FindLiveObjects: 0.204900 ms CreateObjectMapping: 0.134600 ms MarkObjects: 1.352300 ms  DeleteObjects: 0.065200 ms)

AssetImportParameters requested are different than current active one (requested -> active):
  custom:framework-win-MediaFoundation: 216162199b28c13a410421893ffa2e32 -> 
  custom:video-decoder-ogg-theora: a1e56fd34408186e4bbccfd4996cb3dc -> 
  custom:container-muxer-webm: aa71ff27fc2769a1b78a27578f13a17b -> 
  custom:container-demuxer-webm: 4f35f7cbe854078d1ac9338744f61a02 -> 
  custom:container-demuxer-ogg: 62fdf1f143b41e24485cea50d1cbac27 -> 
  custom:video-encoder-webm-vp8: eb34c28f22e8b96e1ab97ce403110664 -> 
  custom:video-decoder-webm-vp8: 9c59270c3fd7afecdb556c50c9e8de78 -> 
  custom:audio-decoder-ogg-vorbis: bf7c407c2cedff20999df2af8eb42d56 -> 
  custom:audio-encoder-webm-vorbis: bf7c407c2cedff20999df2af8eb42d56 -> 
========================================================================
Received Import Request.
  path: Assets/Section3_IlluminatingSurfaces/cobblestone_normal.tif
  artifactKey: Guid(7569c0ad0e14697499f5c5350026af97) Importer(815301076,1909f56bfc062723c751e8b465ee728b)
Start importing Assets/Section3_IlluminatingSurfaces/cobblestone_normal.tif using Guid(7569c0ad0e14697499f5c5350026af97) Importer(815301076,1909f56bfc062723c751e8b465ee728b)  -> (artifact id: 'cb6642b9f301b9528b6d5e559b2927c2') in 0.081060 seconds 
========================================================================
Received Prepare
Registering precompiled user dll's ...
Registered in 0.005792 seconds.
Begin MonoManager ReloadAssembly
Symbol file LoadedFromMemory doesn't match image D:\Auticus\Dev\ShadersTutorial\Library\PackageCache\com.unity.visualscripting@1.6.1\Editor\VisualScripting.Core\Dependencies\YamlDotNet\Unity.VisualScripting.YamlDotNet.dll
Symbol file LoadedFromMemory doesn't match image D:\Auticus\Dev\ShadersTutorial\Library\PackageCache\com.unity.visualscripting@1.6.1\Editor\VisualScripting.Core\Dependencies\DotNetZip\Unity.VisualScripting.IonicZip.dll
Native extension for WindowsStandalone target not found
Refreshing native plugins compatible for Editor in 0.54 ms, found 3 plugins.
Preloading 0 native plugins for Editor in 0.00 ms.
Mono: successfully reloaded assembly
- Completed reload, in  0.789 seconds
Domain Reload Profiling:
	ReloadAssembly (789ms)
		BeginReloadAssembly (110ms)
			ExecutionOrderSort (0ms)
			DisableScriptedObjects (3ms)
			BackupInstance (0ms)
			ReleaseScriptingObjects (0ms)
			CreateAndSetChildDomain (25ms)
		EndReloadAssembly (639ms)
			LoadAssemblies (93ms)
			RebuildTransferFunctionScriptingTraits (0ms)
			SetupTypeCache (253ms)
			ReleaseScriptCaches (1ms)
			RebuildScriptCaches (29ms)
			SetupLoadedEditorAssemblies (208ms)
				LogAssemblyErrors (0ms)
				InitializePlatformSupportModulesInManaged (4ms)
				SetLoadedEditorAssemblies (0ms)
				RefreshPlugins (1ms)
				BeforeProcessingInitializeOnLoad (34ms)
				ProcessInitializeOnLoadAttributes (163ms)
				ProcessInitializeOnLoadMethodAttributes (3ms)
				AfterProcessingInitializeOnLoad (2ms)
				EditorAssembliesLoaded (0ms)
			ExecutionOrderSort2 (0ms)
			AwakeInstancesAfterBackupRestoration (9ms)
Platform modules already initialized, skipping
Refreshing native plugins compatible for Editor in 0.44 ms, found 3 plugins.
Preloading 0 native plugins for Editor in 0.00 ms.
Unloading 2933 Unused Serialized files (Serialized files now loaded: 0)
System memory in use before: 109.1 MB.
System memory in use after: 109.3 MB.

Unloading 18 unused Assets to reduce memory usage. Loaded Objects now: 3407.
Total: 1.649500 ms (FindLiveObjects: 0.175900 ms CreateObjectMapping: 0.117700 ms MarkObjects: 1.315000 ms  DeleteObjects: 0.040200 ms)

AssetImportParameters requested are different than current active one (requested -> active):
  custom:framework-win-MediaFoundation: 216162199b28c13a410421893ffa2e32 -> 
  custom:video-decoder-ogg-theora: a1e56fd34408186e4bbccfd4996cb3dc -> 
  custom:container-muxer-webm: aa71ff27fc2769a1b78a27578f13a17b -> 
  custom:container-demuxer-webm: 4f35f7cbe854078d1ac9338744f61a02 -> 
  custom:container-demuxer-ogg: 62fdf1f143b41e24485cea50d1cbac27 -> 
  custom:video-encoder-webm-vp8: eb34c28f22e8b96e1ab97ce403110664 -> 
  custom:video-decoder-webm-vp8: 9c59270c3fd7afecdb556c50c9e8de78 -> 
  custom:audio-decoder-ogg-vorbis: bf7c407c2cedff20999df2af8eb42d56 -> 
  custom:audio-encoder-webm-vorbis: bf7c407c2cedff20999df2af8eb42d56 -> 
========================================================================
Received Import Request.
  Time since last request: 97.179315 seconds.
  path: Assets/Section3_IlluminatingSurfaces/cobblestone_normal.tif
  artifactKey: Guid(7569c0ad0e14697499f5c5350026af97) Importer(815301076,1909f56bfc062723c751e8b465ee728b)
Start importing Assets/Section3_IlluminatingSurfaces/cobblestone_normal.tif using Guid(7569c0ad0e14697499f5c5350026af97) Importer(815301076,1909f56bfc062723c751e8b465ee728b)  -> (artifact id: 'ca6f6f383e9e891c5e68bdf418ccdc5b') in 0.034744 seconds 
========================================================================
Received Import Request.
  Time since last request: 2011.516823 seconds.
  path: Assets/Section3_IlluminatingSurfaces/Readme.txt
  artifactKey: Guid(a109323a4dc370f44ad1dca8d7bfedf7) Importer(815301076,1909f56bfc062723c751e8b465ee728b)
Start importing Assets/Section3_IlluminatingSurfaces/Readme.txt using Guid(a109323a4dc370f44ad1dca8d7bfedf7) Importer(815301076,1909f56bfc062723c751e8b465ee728b)  -> (artifact id: '1d63516eb8400c592de855ed03490f41') in 0.006783 seconds 
========================================================================
Received Import Request.
  Time since last request: 480.679392 seconds.
  path: Assets/Section3_IlluminatingSurfaces/Readme.txt
  artifactKey: Guid(a109323a4dc370f44ad1dca8d7bfedf7) Importer(815301076,1909f56bfc062723c751e8b465ee728b)
Start importing Assets/Section3_IlluminatingSurfaces/Readme.txt using Guid(a109323a4dc370f44ad1dca8d7bfedf7) Importer(815301076,1909f56bfc062723c751e8b465ee728b)  -> (artifact id: '08bafe0a30cc81e5cc94a81d27b8f232') in 0.002553 seconds 
========================================================================
Received Import Request.
  Time since last request: 10.935408 seconds.
  path: Assets/Section3_IlluminatingSurfaces/BumpedEnvironment.shader
  artifactKey: Guid(982e4ad918ec8ac41aaad3ff8b3efb76) Importer(815301076,1909f56bfc062723c751e8b465ee728b)
Start importing Assets/Section3_IlluminatingSurfaces/BumpedEnvironment.shader using Guid(982e4ad918ec8ac41aaad3ff8b3efb76) Importer(815301076,1909f56bfc062723c751e8b465ee728b)  -> (artifact id: 'a83e3d3a12797fd3184b75e1a735d534') in 0.008283 seconds 
========================================================================
Received Import Request.
  Time since last request: 210.602992 seconds.
  path: Assets/Section3_IlluminatingSurfaces/BumpedEnvironment.shader
  artifactKey: Guid(982e4ad918ec8ac41aaad3ff8b3efb76) Importer(815301076,1909f56bfc062723c751e8b465ee728b)
Start importing Assets/Section3_IlluminatingSurfaces/BumpedEnvironment.shader using Guid(982e4ad918ec8ac41aaad3ff8b3efb76) Importer(815301076,1909f56bfc062723c751e8b465ee728b)  -> (artifact id: '153d42c3ae7dc85e1b36c03c49754f65') in 0.003081 seconds 
========================================================================
Received Import Request.
  Time since last request: 395.038249 seconds.
  path: Assets/Section3_IlluminatingSurfaces/UnityHDRI/Trinitatis Church/TrinitatisChurchWhiteBalanced.exr
  artifactKey: Guid(bf543123825a64e4bb3f5d9fe090a58f) Importer(815301076,1909f56bfc062723c751e8b465ee728b)
Start importing Assets/Section3_IlluminatingSurfaces/UnityHDRI/Trinitatis Church/TrinitatisChurchWhiteBalanced.exr using Guid(bf543123825a64e4bb3f5d9fe090a58f) Importer(815301076,1909f56bfc062723c751e8b465ee728b)  -> (artifact id: '2589aca60c7fcb3d6ecfb5f34e1e13c2') in 0.147774 seconds 
========================================================================
Received Import Request.
  Time since last request: 665.594243 seconds.
  path: Assets/Section3_IlluminatingSurfaces/BumpedEnvironmentChallenge.shader
  artifactKey: Guid(0de39fcd13fc7284da74b1037d32db3f) Importer(815301076,1909f56bfc062723c751e8b465ee728b)
Start importing Assets/Section3_IlluminatingSurfaces/BumpedEnvironmentChallenge.shader using Guid(0de39fcd13fc7284da74b1037d32db3f) Importer(815301076,1909f56bfc062723c751e8b465ee728b)  -> (artifact id: '37b68464cc98b2fbd7e3ce94ee3c7bb5') in 0.004158 seconds 
========================================================================
Received Import Request.
  Time since last request: 46.347489 seconds.
  path: Assets/Section3_IlluminatingSurfaces/BumpedEnvironmentChallenge.shader
  artifactKey: Guid(0de39fcd13fc7284da74b1037d32db3f) Importer(815301076,1909f56bfc062723c751e8b465ee728b)
Start importing Assets/Section3_IlluminatingSurfaces/BumpedEnvironmentChallenge.shader using Guid(0de39fcd13fc7284da74b1037d32db3f) Importer(815301076,1909f56bfc062723c751e8b465ee728b)  -> (artifact id: '96b69b3ea4ac97ba94fa1da24ea3d081') in 0.003320 seconds 
========================================================================
Received Import Request.
  Time since last request: 550.059376 seconds.
  path: Assets/Section3_IlluminatingSurfaces/Readme.txt
  artifactKey: Guid(a109323a4dc370f44ad1dca8d7bfedf7) Importer(815301076,1909f56bfc062723c751e8b465ee728b)
Start importing Assets/Section3_IlluminatingSurfaces/Readme.txt using Guid(a109323a4dc370f44ad1dca8d7bfedf7) Importer(815301076,1909f56bfc062723c751e8b465ee728b)  -> (artifact id: 'c03e6f66bfd1a7121dbd032fa83ae453') in 0.002604 seconds 
AssetImportWorkerClient::OnTransportError - code=2 error=End of file
